[0.088s] DEBUG:colcon:Command line arguments: ['/usr/bin/colcon', 'build', '--packages-select', 'cpe631_ros2', '--symlink-install']
[0.088s] DEBUG:colcon:Parsed command line arguments: Namespace(log_base=None, log_level=None, verb_name='build', build_base='build', install_base='install', merge_install=False, symlink_install=True, test_result_base=None, continue_on_error=False, executor='parallel', parallel_workers=4, event_handlers=None, ignore_user_meta=False, metas=['./colcon.meta'], base_paths=['.'], packages_ignore=None, packages_ignore_regex=None, paths=None, packages_up_to=None, packages_up_to_regex=None, packages_above=None, packages_above_and_dependencies=None, packages_above_depth=None, packages_select_by_dep=None, packages_skip_by_dep=None, packages_skip_up_to=None, packages_select_build_failed=False, packages_skip_build_finished=False, packages_select_test_failures=False, packages_skip_test_passed=False, packages_select=['cpe631_ros2'], packages_skip=None, packages_select_regex=None, packages_skip_regex=None, packages_start=None, packages_end=None, allow_overriding=[], cmake_args=None, cmake_target=None, cmake_target_skip_unavailable=False, cmake_clean_cache=False, cmake_clean_first=False, cmake_force_configure=False, ament_cmake_args=None, catkin_cmake_args=None, catkin_skip_building_tests=False, verb_parser=<colcon_defaults.argument_parser.defaults.DefaultArgumentsDecorator object at 0x7f885066a1b0>, verb_extension=<colcon_core.verb.build.BuildVerb object at 0x7f8850669fa0>, main=<bound method BuildVerb.main of <colcon_core.verb.build.BuildVerb object at 0x7f8850669fa0>>)
[0.121s] Level 1:colcon.colcon_core.package_discovery:discover_packages(colcon_meta) check parameters
[0.121s] Level 1:colcon.colcon_core.package_discovery:discover_packages(recursive) check parameters
[0.121s] Level 1:colcon.colcon_core.package_discovery:discover_packages(ignore) check parameters
[0.121s] Level 1:colcon.colcon_core.package_discovery:discover_packages(path) check parameters
[0.121s] Level 1:colcon.colcon_core.package_discovery:discover_packages(colcon_meta) discover
[0.121s] Level 1:colcon.colcon_core.package_discovery:discover_packages(recursive) discover
[0.121s] INFO:colcon.colcon_core.package_discovery:Crawling recursively for packages in '/home/dx/ros2_ws/A'
[0.121s] Level 1:colcon.colcon_core.package_identification:_identify(.) by extensions ['ignore', 'ignore_ament_install']
[0.121s] Level 1:colcon.colcon_core.package_identification:_identify(.) by extension 'ignore'
[0.121s] Level 1:colcon.colcon_core.package_identification:_identify(.) by extension 'ignore_ament_install'
[0.121s] Level 1:colcon.colcon_core.package_identification:_identify(.) by extensions ['colcon_pkg']
[0.121s] Level 1:colcon.colcon_core.package_identification:_identify(.) by extension 'colcon_pkg'
[0.121s] Level 1:colcon.colcon_core.package_identification:_identify(.) by extensions ['colcon_meta']
[0.121s] Level 1:colcon.colcon_core.package_identification:_identify(.) by extension 'colcon_meta'
[0.121s] Level 1:colcon.colcon_core.package_identification:_identify(.) by extensions ['ros']
[0.121s] Level 1:colcon.colcon_core.package_identification:_identify(.) by extension 'ros'
[0.146s] Level 1:colcon.colcon_core.package_identification:_identify(.) by extensions ['cmake', 'python']
[0.146s] Level 1:colcon.colcon_core.package_identification:_identify(.) by extension 'cmake'
[0.146s] Level 1:colcon.colcon_core.package_identification:_identify(.) by extension 'python'
[0.146s] Level 1:colcon.colcon_core.package_identification:_identify(.) by extensions ['python_setup_py']
[0.146s] Level 1:colcon.colcon_core.package_identification:_identify(.) by extension 'python_setup_py'
[0.146s] Level 1:colcon.colcon_core.package_identification:_identify(CPE631-Navigation-ROS2-main) by extensions ['ignore', 'ignore_ament_install']
[0.146s] Level 1:colcon.colcon_core.package_identification:_identify(CPE631-Navigation-ROS2-main) by extension 'ignore'
[0.146s] Level 1:colcon.colcon_core.package_identification:_identify(CPE631-Navigation-ROS2-main) by extension 'ignore_ament_install'
[0.146s] Level 1:colcon.colcon_core.package_identification:_identify(CPE631-Navigation-ROS2-main) by extensions ['colcon_pkg']
[0.146s] Level 1:colcon.colcon_core.package_identification:_identify(CPE631-Navigation-ROS2-main) by extension 'colcon_pkg'
[0.146s] Level 1:colcon.colcon_core.package_identification:_identify(CPE631-Navigation-ROS2-main) by extensions ['colcon_meta']
[0.146s] Level 1:colcon.colcon_core.package_identification:_identify(CPE631-Navigation-ROS2-main) by extension 'colcon_meta'
[0.146s] Level 1:colcon.colcon_core.package_identification:_identify(CPE631-Navigation-ROS2-main) by extensions ['ros']
[0.146s] Level 1:colcon.colcon_core.package_identification:_identify(CPE631-Navigation-ROS2-main) by extension 'ros'
[0.148s] DEBUG:colcon.colcon_core.package_identification:Package 'CPE631-Navigation-ROS2-main' with type 'ros.ament_python' and name 'cpe631_ros2'
[0.148s] Level 1:colcon.colcon_core.package_identification:_identify(build) by extensions ['ignore', 'ignore_ament_install']
[0.148s] Level 1:colcon.colcon_core.package_identification:_identify(build) by extension 'ignore'
[0.148s] Level 1:colcon.colcon_core.package_identification:_identify(build) ignored
[0.149s] Level 1:colcon.colcon_core.package_identification:_identify(install) by extensions ['ignore', 'ignore_ament_install']
[0.149s] Level 1:colcon.colcon_core.package_identification:_identify(install) by extension 'ignore'
[0.149s] Level 1:colcon.colcon_core.package_identification:_identify(install) ignored
[0.149s] Level 1:colcon.colcon_core.package_identification:_identify(log) by extensions ['ignore', 'ignore_ament_install']
[0.149s] Level 1:colcon.colcon_core.package_identification:_identify(log) by extension 'ignore'
[0.149s] Level 1:colcon.colcon_core.package_identification:_identify(log) ignored
[0.149s] Level 1:colcon.colcon_core.package_identification:_identify(run_logs) by extensions ['ignore', 'ignore_ament_install']
[0.149s] Level 1:colcon.colcon_core.package_identification:_identify(run_logs) by extension 'ignore'
[0.149s] Level 1:colcon.colcon_core.package_identification:_identify(run_logs) by extension 'ignore_ament_install'
[0.149s] Level 1:colcon.colcon_core.package_identification:_identify(run_logs) by extensions ['colcon_pkg']
[0.149s] Level 1:colcon.colcon_core.package_identification:_identify(run_logs) by extension 'colcon_pkg'
[0.149s] Level 1:colcon.colcon_core.package_identification:_identify(run_logs) by extensions ['colcon_meta']
[0.149s] Level 1:colcon.colcon_core.package_identification:_identify(run_logs) by extension 'colcon_meta'
[0.149s] Level 1:colcon.colcon_core.package_identification:_identify(run_logs) by extensions ['ros']
[0.149s] Level 1:colcon.colcon_core.package_identification:_identify(run_logs) by extension 'ros'
[0.149s] Level 1:colcon.colcon_core.package_identification:_identify(run_logs) by extensions ['cmake', 'python']
[0.149s] Level 1:colcon.colcon_core.package_identification:_identify(run_logs) by extension 'cmake'
[0.149s] Level 1:colcon.colcon_core.package_identification:_identify(run_logs) by extension 'python'
[0.149s] Level 1:colcon.colcon_core.package_identification:_identify(run_logs) by extensions ['python_setup_py']
[0.149s] Level 1:colcon.colcon_core.package_identification:_identify(run_logs) by extension 'python_setup_py'
[0.149s] Level 1:colcon.colcon_core.package_discovery:discover_packages(recursive) using defaults
[0.149s] Level 1:colcon.colcon_core.package_discovery:discover_packages(ignore) discover
[0.149s] Level 1:colcon.colcon_core.package_discovery:discover_packages(ignore) using defaults
[0.149s] Level 1:colcon.colcon_core.package_discovery:discover_packages(path) discover
[0.149s] Level 1:colcon.colcon_core.package_discovery:discover_packages(path) using defaults
[0.165s] Level 1:colcon.colcon_core.package_discovery:discover_packages(prefix_path) check parameters
[0.165s] Level 1:colcon.colcon_core.package_discovery:discover_packages(prefix_path) discover
[0.167s] DEBUG:colcon.colcon_installed_package_information.package_discovery:Found 5 installed packages in /home/dx/ros2_ws/install
[0.168s] DEBUG:colcon.colcon_installed_package_information.package_discovery:Found 398 installed packages in /opt/ros/jazzy
[0.170s] Level 1:colcon.colcon_core.package_discovery:discover_packages(prefix_path) using defaults
[0.210s] Level 5:colcon.colcon_core.verb:set package 'cpe631_ros2' build argument 'cmake_args' from command line to 'None'
[0.210s] Level 5:colcon.colcon_core.verb:set package 'cpe631_ros2' build argument 'cmake_target' from command line to 'None'
[0.210s] Level 5:colcon.colcon_core.verb:set package 'cpe631_ros2' build argument 'cmake_target_skip_unavailable' from command line to 'False'
[0.210s] Level 5:colcon.colcon_core.verb:set package 'cpe631_ros2' build argument 'cmake_clean_cache' from command line to 'False'
[0.210s] Level 5:colcon.colcon_core.verb:set package 'cpe631_ros2' build argument 'cmake_clean_first' from command line to 'False'
[0.210s] Level 5:colcon.colcon_core.verb:set package 'cpe631_ros2' build argument 'cmake_force_configure' from command line to 'False'
[0.210s] Level 5:colcon.colcon_core.verb:set package 'cpe631_ros2' build argument 'ament_cmake_args' from command line to 'None'
[0.210s] Level 5:colcon.colcon_core.verb:set package 'cpe631_ros2' build argument 'catkin_cmake_args' from command line to 'None'
[0.210s] Level 5:colcon.colcon_core.verb:set package 'cpe631_ros2' build argument 'catkin_skip_building_tests' from command line to 'False'
[0.210s] DEBUG:colcon.colcon_core.verb:Building package 'cpe631_ros2' with the following arguments: {'ament_cmake_args': None, 'build_base': '/home/dx/ros2_ws/A/build/cpe631_ros2', 'catkin_cmake_args': None, 'catkin_skip_building_tests': False, 'cmake_args': None, 'cmake_clean_cache': False, 'cmake_clean_first': False, 'cmake_force_configure': False, 'cmake_target': None, 'cmake_target_skip_unavailable': False, 'install_base': '/home/dx/ros2_ws/A/install/cpe631_ros2', 'merge_install': False, 'path': '/home/dx/ros2_ws/A/CPE631-Navigation-ROS2-main', 'symlink_install': True, 'test_result_base': None}
[0.211s] INFO:colcon.colcon_core.executor:Executing jobs using 'parallel' executor
[0.211s] DEBUG:colcon.colcon_parallel_executor.executor.parallel:run_until_complete
[0.211s] INFO:colcon.colcon_ros.task.ament_python.build:Building ROS package in '/home/dx/ros2_ws/A/CPE631-Navigation-ROS2-main' with build type 'ament_python'
[0.212s] Level 1:colcon.colcon_core.shell:create_environment_hook('cpe631_ros2', 'ament_prefix_path')
[0.213s] INFO:colcon.colcon_core.plugin_system:Skipping extension 'colcon_core.shell.bat': Not used on non-Windows systems
[0.213s] INFO:colcon.colcon_core.shell:Creating environment hook '/home/dx/ros2_ws/A/install/cpe631_ros2/share/cpe631_ros2/hook/ament_prefix_path.ps1'
[0.214s] INFO:colcon.colcon_core.shell:Creating environment descriptor '/home/dx/ros2_ws/A/install/cpe631_ros2/share/cpe631_ros2/hook/ament_prefix_path.dsv'
[0.214s] INFO:colcon.colcon_core.shell:Creating environment hook '/home/dx/ros2_ws/A/install/cpe631_ros2/share/cpe631_ros2/hook/ament_prefix_path.sh'
[0.215s] INFO:colcon.colcon_core.shell:Skip shell extension 'powershell' for command environment: Not usable outside of PowerShell
[0.215s] DEBUG:colcon.colcon_core.shell:Skip shell extension 'dsv' for command environment
[0.402s] INFO:colcon.colcon_core.task.python.build:Building Python package in '/home/dx/ros2_ws/A/CPE631-Navigation-ROS2-main'
[0.403s] INFO:colcon.colcon_core.shell:Skip shell extension 'powershell' for command environment: Not usable outside of PowerShell
[0.403s] DEBUG:colcon.colcon_core.shell:Skip shell extension 'dsv' for command environment
[0.840s] DEBUG:colcon.colcon_core.event_handler.log_command:Invoking command in '/home/dx/ros2_ws/A/build/cpe631_ros2': DEBUGINFOD_URLS=https://debuginfod.ubuntu.com PYTHONPATH=/home/dx/ros2_ws/A/build/cpe631_ros2/prefix_override:/usr/lib/python3/dist-packages/colcon_core/task/python/colcon_distutils_commands:/home/dx/ros2_ws/A/install/cpe631_ros2/lib/python3.12/site-packages:${PYTHONPATH} /usr/bin/python3 -W ignore:setup.py install is deprecated -W ignore:easy_install command is deprecated setup.py develop --editable --build-directory /home/dx/ros2_ws/A/build/cpe631_ros2/build --no-deps symlink_data
[1.254s] Level 1:colcon.colcon_core.shell:create_environment_hook('cpe631_ros2', 'pythonpath_develop')
[1.254s] INFO:colcon.colcon_core.shell:Creating environment hook '/home/dx/ros2_ws/A/build/cpe631_ros2/share/cpe631_ros2/hook/pythonpath_develop.ps1'
[1.254s] DEBUG:colcon.colcon_core.event_handler.log_command:Invoked command in '/home/dx/ros2_ws/A/build/cpe631_ros2' returned '0': DEBUGINFOD_URLS=https://debuginfod.ubuntu.com PYTHONPATH=/home/dx/ros2_ws/A/build/cpe631_ros2/prefix_override:/usr/lib/python3/dist-packages/colcon_core/task/python/colcon_distutils_commands:/home/dx/ros2_ws/A/install/cpe631_ros2/lib/python3.12/site-packages:${PYTHONPATH} /usr/bin/python3 -W ignore:setup.py install is deprecated -W ignore:easy_install command is deprecated setup.py develop --editable --build-directory /home/dx/ros2_ws/A/build/cpe631_ros2/build --no-deps symlink_data
[1.255s] INFO:colcon.colcon_core.shell:Creating environment descriptor '/home/dx/ros2_ws/A/build/cpe631_ros2/share/cpe631_ros2/hook/pythonpath_develop.dsv'
[1.255s] INFO:colcon.colcon_core.shell:Creating environment hook '/home/dx/ros2_ws/A/build/cpe631_ros2/share/cpe631_ros2/hook/pythonpath_develop.sh'
[1.257s] Level 1:colcon.colcon_core.environment:checking '/home/dx/ros2_ws/A/install/cpe631_ros2' for CMake module files
[1.257s] Level 1:colcon.colcon_core.environment:checking '/home/dx/ros2_ws/A/install/cpe631_ros2' for CMake config files
[1.258s] Level 1:colcon.colcon_core.environment:checking '/home/dx/ros2_ws/A/install/cpe631_ros2/lib'
[1.258s] Level 1:colcon.colcon_core.environment:checking '/home/dx/ros2_ws/A/install/cpe631_ros2/bin'
[1.258s] Level 1:colcon.colcon_core.environment:checking '/home/dx/ros2_ws/A/install/cpe631_ros2/lib/pkgconfig/cpe631_ros2.pc'
[1.259s] Level 1:colcon.colcon_core.environment:checking '/home/dx/ros2_ws/A/install/cpe631_ros2/lib/python3.12/site-packages'
[1.259s] Level 1:colcon.colcon_core.shell:create_environment_hook('cpe631_ros2', 'pythonpath')
[1.259s] INFO:colcon.colcon_core.shell:Creating environment hook '/home/dx/ros2_ws/A/install/cpe631_ros2/share/cpe631_ros2/hook/pythonpath.ps1'
[1.259s] INFO:colcon.colcon_core.shell:Creating environment descriptor '/home/dx/ros2_ws/A/install/cpe631_ros2/share/cpe631_ros2/hook/pythonpath.dsv'
[1.259s] INFO:colcon.colcon_core.shell:Creating environment hook '/home/dx/ros2_ws/A/install/cpe631_ros2/share/cpe631_ros2/hook/pythonpath.sh'
[1.260s] Level 1:colcon.colcon_core.environment:checking '/home/dx/ros2_ws/A/install/cpe631_ros2/bin'
[1.260s] Level 1:colcon.colcon_core.environment:create_environment_scripts_only(cpe631_ros2)
[1.260s] INFO:colcon.colcon_core.shell:Creating package script '/home/dx/ros2_ws/A/install/cpe631_ros2/share/cpe631_ros2/package.ps1'
[1.260s] INFO:colcon.colcon_core.shell:Creating package descriptor '/home/dx/ros2_ws/A/install/cpe631_ros2/share/cpe631_ros2/package.dsv'
[1.261s] INFO:colcon.colcon_core.shell:Creating package script '/home/dx/ros2_ws/A/install/cpe631_ros2/share/cpe631_ros2/package.sh'
[1.261s] INFO:colcon.colcon_core.shell:Creating package script '/home/dx/ros2_ws/A/install/cpe631_ros2/share/cpe631_ros2/package.bash'
[1.262s] INFO:colcon.colcon_core.shell:Creating package script '/home/dx/ros2_ws/A/install/cpe631_ros2/share/cpe631_ros2/package.zsh'
[1.262s] Level 1:colcon.colcon_core.environment:create_file_with_runtime_dependencies(/home/dx/ros2_ws/A/install/cpe631_ros2/share/colcon-core/packages/cpe631_ros2)
[1.263s] DEBUG:colcon.colcon_parallel_executor.executor.parallel:closing loop
[1.263s] DEBUG:colcon.colcon_parallel_executor.executor.parallel:loop closed
[1.263s] DEBUG:colcon.colcon_parallel_executor.executor.parallel:run_until_complete finished with '0'
[1.263s] DEBUG:colcon.colcon_core.event_reactor:joining thread
[1.267s] INFO:colcon.colcon_core.plugin_system:Skipping extension 'colcon_notification.desktop_notification.terminal_notifier': Not used on non-Darwin systems
[1.267s] INFO:colcon.colcon_core.plugin_system:Skipping extension 'colcon_notification.desktop_notification.win32': Not used on non-Windows systems
[1.267s] INFO:colcon.colcon_notification.desktop_notification:Sending desktop notification using 'notify2'
[1.280s] DEBUG:colcon.colcon_core.event_reactor:joined thread
[1.280s] INFO:colcon.colcon_core.shell:Creating prefix script '/home/dx/ros2_ws/A/install/local_setup.ps1'
[1.281s] INFO:colcon.colcon_core.shell:Creating prefix util module '/home/dx/ros2_ws/A/install/_local_setup_util_ps1.py'
[1.282s] INFO:colcon.colcon_core.shell:Creating prefix chain script '/home/dx/ros2_ws/A/install/setup.ps1'
[1.283s] INFO:colcon.colcon_core.shell:Creating prefix script '/home/dx/ros2_ws/A/install/local_setup.sh'
[1.283s] INFO:colcon.colcon_core.shell:Creating prefix util module '/home/dx/ros2_ws/A/install/_local_setup_util_sh.py'
[1.283s] INFO:colcon.colcon_core.shell:Creating prefix chain script '/home/dx/ros2_ws/A/install/setup.sh'
[1.284s] INFO:colcon.colcon_core.shell:Creating prefix script '/home/dx/ros2_ws/A/install/local_setup.bash'
[1.284s] INFO:colcon.colcon_core.shell:Creating prefix chain script '/home/dx/ros2_ws/A/install/setup.bash'
[1.285s] INFO:colcon.colcon_core.shell:Creating prefix script '/home/dx/ros2_ws/A/install/local_setup.zsh'
[1.285s] INFO:colcon.colcon_core.shell:Creating prefix chain script '/home/dx/ros2_ws/A/install/setup.zsh'
