[0.000000] (-) TimerEvent: {}
[0.002011] (cpe631_ros2) JobQueued: {'identifier': 'cpe631_ros2', 'dependencies': OrderedDict()}
[0.003955] (cpe631_ros2) JobStarted: {'identifier': 'cpe631_ros2'}
[0.099894] (-) TimerEvent: {}
[0.200113] (-) TimerEvent: {}
[0.300265] (-) TimerEvent: {}
[0.400964] (-) TimerEvent: {}
[0.501469] (-) TimerEvent: {}
[0.601597] (-) TimerEvent: {}
[0.701729] (-) TimerEvent: {}
[0.702963] (cpe631_ros2) Command: {'cmd': ['/usr/bin/python3', '-W', 'ignore:setup.py install is deprecated', '-W', 'ignore:easy_install command is deprecated', 'setup.py', 'develop', '--editable', '--build-directory', '/home/dx/ros2_ws/A/build/cpe631_ros2/build', '--no-deps', 'symlink_data'], 'cwd': '/home/dx/ros2_ws/A/build/cpe631_ros2', 'env': {'ENABLE_RVIZ': '1', 'SHLVL': '2', 'HOME': '/home/dx', 'OLDPWD': '/home/dx', 'MODES': 'social_astar', 'CSV_FILE': '/home/dx/ros2_ws/A/astar_clean.csv', 'RUNS_PER_MODE': '25', 'LOGNAME': 'dx', '_': '/usr/bin/colcon', 'PATH': '/usr/local/sbin:/usr/local/bin:/usr/sbin:/usr/bin:/sbin:/bin:/usr/games:/usr/local/games:/snap/bin', 'GZ_GUI': '1', 'LANG': 'zh_CN.UTF-8', 'SHELL': '/bin/sh', 'RESET_PEDS_EACH_RUN': '1', 'PWD': '/home/dx/ros2_ws/A/build/cpe631_ros2', 'SKIP_BUILD': '0', 'COLCON': '1', 'PYTHONPATH': '/home/dx/ros2_ws/A/build/cpe631_ros2/prefix_override:/usr/lib/python3/dist-packages/colcon_core/task/python/colcon_distutils_commands:/home/dx/ros2_ws/A/install/cpe631_ros2/lib/python3.12/site-packages:'}, 'shell': False}
[0.801971] (-) TimerEvent: {}
[0.877692] (cpe631_ros2) StdoutLine: {'line': b'running develop\n'}
[0.902959] (-) TimerEvent: {}
[0.950230] (cpe631_ros2) StdoutLine: {'line': b'running egg_info\n'}
[0.956301] (cpe631_ros2) StdoutLine: {'line': b'writing cpe631_ros2.egg-info/PKG-INFO\n'}
[0.956885] (cpe631_ros2) StdoutLine: {'line': b'writing dependency_links to cpe631_ros2.egg-info/dependency_links.txt\n'}
[0.957395] (cpe631_ros2) StdoutLine: {'line': b'writing entry points to cpe631_ros2.egg-info/entry_points.txt\n'}
[0.957703] (cpe631_ros2) StdoutLine: {'line': b'writing requirements to cpe631_ros2.egg-info/requires.txt\n'}
[0.958950] (cpe631_ros2) StdoutLine: {'line': b'writing top-level names to cpe631_ros2.egg-info/top_level.txt\n'}
[0.972888] (cpe631_ros2) StdoutLine: {'line': b"reading manifest file 'cpe631_ros2.egg-info/SOURCES.txt'\n"}
[0.975890] (cpe631_ros2) StdoutLine: {'line': b"writing manifest file 'cpe631_ros2.egg-info/SOURCES.txt'\n"}
[0.982474] (cpe631_ros2) StdoutLine: {'line': b'running build_ext\n'}
[0.983125] (cpe631_ros2) StdoutLine: {'line': b'Creating /home/dx/ros2_ws/A/install/cpe631_ros2/lib/python3.12/site-packages/cpe631-ros2.egg-link (link to .)\n'}
[0.983881] (cpe631_ros2) StdoutLine: {'line': b'Installing cpe631_map_republisher script to /home/dx/ros2_ws/A/install/cpe631_ros2/lib/cpe631_ros2\n'}
[0.984184] (cpe631_ros2) StdoutLine: {'line': b'Installing cpe631_peds script to /home/dx/ros2_ws/A/install/cpe631_ros2/lib/cpe631_ros2\n'}
[0.984427] (cpe631_ros2) StdoutLine: {'line': b'Installing cpe631_teleop script to /home/dx/ros2_ws/A/install/cpe631_ros2/lib/cpe631_ros2\n'}
[0.984631] (cpe631_ros2) StdoutLine: {'line': b'Installing data_collector script to /home/dx/ros2_ws/A/install/cpe631_ros2/lib/cpe631_ros2\n'}
[0.984824] (cpe631_ros2) StdoutLine: {'line': b'Installing goal_sender script to /home/dx/ros2_ws/A/install/cpe631_ros2/lib/cpe631_ros2\n'}
[0.985024] (cpe631_ros2) StdoutLine: {'line': b'Installing ped_pose_extractor script to /home/dx/ros2_ws/A/install/cpe631_ros2/lib/cpe631_ros2\n'}
[0.985202] (cpe631_ros2) StdoutLine: {'line': b'Installing social_nav_node script to /home/dx/ros2_ws/A/install/cpe631_ros2/lib/cpe631_ros2\n'}
[0.985465] (cpe631_ros2) StdoutLine: {'line': b'\n'}
[0.985521] (cpe631_ros2) StdoutLine: {'line': b'Installed /home/dx/ros2_ws/A/build/cpe631_ros2\n'}
[0.985664] (cpe631_ros2) StdoutLine: {'line': b'running symlink_data\n'}
[1.003070] (-) TimerEvent: {}
[1.018085] (cpe631_ros2) CommandEnded: {'returncode': 0}
[1.034420] (cpe631_ros2) JobEnded: {'identifier': 'cpe631_ros2', 'rc': 0}
[1.034717] (-) EventReactorShutdown: {}
