[0;32m[02:44:07] ✔ 包目录: /home/dx/ros2_ws/A/CPE631-Navigation-ROS2-main[0m
[0;36m[02:44:07][0m 复制 codefiles/ → cpe631_ros2/ ...
'/home/dx/ros2_ws/A/CPE631-Navigation-ROS2-main/codefiles/ped_pose_extractor.py' -> '/home/dx/ros2_ws/A/CPE631-Navigation-ROS2-main/cpe631_ros2/ped_pose_extractor.py'
'/home/dx/ros2_ws/A/CPE631-Navigation-ROS2-main/codefiles/social_nav_node.py' -> '/home/dx/ros2_ws/A/CPE631-Navigation-ROS2-main/cpe631_ros2/social_nav_node.py'
'/home/dx/ros2_ws/A/CPE631-Navigation-ROS2-main/codefiles/data_collector.py' -> '/home/dx/ros2_ws/A/CPE631-Navigation-ROS2-main/cpe631_ros2/data_collector.py'
'/home/dx/ros2_ws/A/CPE631-Navigation-ROS2-main/codefiles/peds.py' -> '/home/dx/ros2_ws/A/CPE631-Navigation-ROS2-main/cpe631_ros2/peds.py'
[0;32m[02:44:07] ✔ 改进版代码已复制[0m
[0;36m[02:44:07][0m 在 /home/dx/ros2_ws/A 执行 colcon build ...
Starting >>> cpe631_ros2
Finished <<< cpe631_ros2 [1.00s]

Summary: 1 package finished [1.11s]
[0;32m[02:44:08] ✔ 编译完成[0m
[0;32m[02:44:09] ✔ 已 source workspace[0m

[1m╔═══════════════════════════════════════════════════════╗[0m
[1m║     ROS2 Social Navigation 三组对比实验 自动脚本 v3  ║[0m
[1m╠═══════════════════════════════════════════════════════╣[0m
[1m║  工作区: [0m/home/dx/ros2_ws/A
[1m║  路线:   [0m0.5,-6.5,2.08;-3.5,0.0,0.89;2.5,6.0,-2.75;-2.0,2.1,-1.10;2.0,-4.0,-2.16
[1m║  每组重复: [0m25 次[1m  MAX_RETRY: [0m1
[1m║  总计: [0m25 次实验
[1m╚═══════════════════════════════════════════════════════╝[0m


[1m━━━━━━━━━━━━━━━━━━━━━━━━━━━━━━━━━━━━━━━━━━━━━━━━━━━━━━━[0m
[1m  开始模式: [0;36msocial[0m
[1m  navigation=true  social_navigation=true  enable_peds=true  planner=navfn[0m
[1m━━━━━━━━━━━━━━━━━━━━━━━━━━━━━━━━━━━━━━━━━━━━━━━━━━━━━━━[0m
[0;36m[02:44:09][0m 启动 cafe_dynamic.launch.py (mode=social, planner=navfn) ...
[0;36m[02:44:09][0m   launch PID = 2707
[0;36m[02:44:09][0m 等待 45s 让仿真完全启动...
[0;32m[02:44:54] ✔ 仿真已启动[0m
[0;36m[02:44:59][0m 验证 Nav2 节点就绪状态...
[0;36m[02:45:31][0m   仍在等待 bt_navigator 激活 (15s, 当前状态: inactive)...
[0;36m[02:46:03][0m   仍在等待 bt_navigator 激活 (30s, 当前状态: inactive)...
[0;36m[02:46:33][0m   仍在等待 bt_navigator 激活 (45s, 当前状态: inactive)...
[0;36m[02:47:02][0m   仍在等待 bt_navigator 激活 (60s, 当前状态: inactive)...
[0;36m[02:47:26][0m   仍在等待 bt_navigator 激活 (75s, 当前状态: inactive)...
[0;36m[02:47:58][0m   仍在等待 bt_navigator 激活 (90s, 当前状态: inactive)...
[0;36m[02:48:29][0m   仍在等待 bt_navigator 激活 (105s, 当前状态: inactive)...
[0;36m[02:48:56][0m   仍在等待 bt_navigator 激活 (120s, 当前状态: inactive)...
[0;36m[02:49:25][0m   仍在等待 bt_navigator 激活 (135s, 当前状态: inactive)...
[0;36m[02:49:51][0m   仍在等待 bt_navigator 激活 (150s, 当前状态: inactive)...
[0;36m[02:50:20][0m   仍在等待 bt_navigator 激活 (165s, 当前状态: inactive)...
[0;36m[02:50:44][0m   仍在等待 bt_navigator 激活 (180s, 当前状态: inactive)...
[0;31m[02:50:44] ✘ bt_navigator 未在 180s 内就绪[0m
[0;31m[02:50:44] ✘ 模式 social 仿真启动失败，跳过整个模式[0m
[0;36m[02:50:44][0m 清理所有后台进程...
The daemon has been stopped
The daemon has been started
[0;36m[02:50:57][0m 清理完成

[1m╔═══════════════════════════════════════════════════════╗[0m
[1m║                   全部实验完成!                      ║[0m
[1m╠═══════════════════════════════════════════════════════╣[0m
[1m║  [0;32m成功: 0[0m[1m    [1;33m跳过: 0[0m[1m    总计: 25[0m
[1m║  耗时: [0m7分3秒
[1m║  CSV 结果: [0m/home/dx/ros2_ws/A/soc_clean.csv
[1m║  日志目录: [0m/tmp/launch_*.log, /tmp/collector_*.log, /tmp/sender_*.log
[1m╚═══════════════════════════════════════════════════════╝[0m
[0;36m[02:51:12][0m 清理所有后台进程...
The daemon has been stopped
The daemon has been started
[0;36m[02:51:25][0m 清理完成
