[0;32m[03:07:31] ✔ 包目录: /home/dx/ros2_ws/A/CPE631-Navigation-ROS2-main[0m
[0;36m[03:07:31][0m 同步 launch/param/worlds/models 到 workspace 包 ...
[0;32m[03:07:31] ✔ 资源文件已同步[0m
[0;36m[03:07:31][0m 复制 codefiles/ → cpe631_ros2/ ...
'/home/dx/CPE631-Navigation-ROS2-main/codefiles/ped_pose_extractor.py' -> '/home/dx/ros2_ws/A/CPE631-Navigation-ROS2-main/cpe631_ros2/ped_pose_extractor.py'
'/home/dx/CPE631-Navigation-ROS2-main/codefiles/social_nav_node.py' -> '/home/dx/ros2_ws/A/CPE631-Navigation-ROS2-main/cpe631_ros2/social_nav_node.py'
'/home/dx/CPE631-Navigation-ROS2-main/codefiles/data_collector.py' -> '/home/dx/ros2_ws/A/CPE631-Navigation-ROS2-main/cpe631_ros2/data_collector.py'
'/home/dx/CPE631-Navigation-ROS2-main/codefiles/peds.py' -> '/home/dx/ros2_ws/A/CPE631-Navigation-ROS2-main/cpe631_ros2/peds.py'
[0;32m[03:07:31] ✔ 改进版代码已复制[0m
[0;36m[03:07:31][0m 在 /home/dx/ros2_ws/A 执行 colcon build ...
Starting >>> cpe631_ros2
Finished <<< cpe631_ros2 [1.04s]

Summary: 1 package finished [1.17s]
[0;32m[03:07:33] ✔ 编译完成[0m
[0;32m[03:07:33] ✔ 已 source workspace[0m

[1m╔═══════════════════════════════════════════════════════╗[0m
[1m║     ROS2 Social Navigation 三组对比实验 自动脚本 v3  ║[0m
[1m╠═══════════════════════════════════════════════════════╣[0m
[1m║  工作区: [0m/home/dx/ros2_ws/A
[1m║  路线:   [0m0.5,-6.5,2.08;-3.5,0.0,0.89;2.5,6.0,-2.75;-2.0,2.1,-1.10;2.0,-4.0,-2.16
[1m║  每组重复: [0m25 次[1m  MAX_RETRY: [0m1
[1m║  总计: [0m25 次实验
[1m╚═══════════════════════════════════════════════════════╝[0m


[1m━━━━━━━━━━━━━━━━━━━━━━━━━━━━━━━━━━━━━━━━━━━━━━━━━━━━━━━[0m
[1m  开始模式: [0;36mdynamic[0m
[1m  navigation=true  social_navigation=false  enable_peds=true  planner=navfn[0m
[1m━━━━━━━━━━━━━━━━━━━━━━━━━━━━━━━━━━━━━━━━━━━━━━━━━━━━━━━[0m
[0;36m[03:07:33][0m 启动 cafe_dynamic.launch.py (mode=dynamic, planner=navfn) ...
[0;36m[03:07:33][0m   launch PID = 2758
[0;36m[03:07:33][0m 等待 45s 让仿真完全启动...
[0;32m[03:08:18] ✔ 仿真已启动[0m
[0;36m[03:08:23][0m 验证 Nav2 节点就绪状态...
[0;36m[03:08:51][0m   仍在等待 bt_navigator 激活 (15s, 当前状态: inactive)...
[0;36m[03:09:21][0m   仍在等待 bt_navigator 激活 (30s, 当前状态: inactive)...
[0;36m[03:09:51][0m   仍在等待 bt_navigator 激活 (45s, 当前状态: inactive)...
[0;36m[03:10:20][0m   仍在等待 bt_navigator 激活 (60s, 当前状态: inactive)...
[0;36m[03:10:48][0m   仍在等待 bt_navigator 激活 (75s, 当前状态: inactive)...
[0;36m[03:11:21][0m   仍在等待 bt_navigator 激活 (90s, 当前状态: inactive)...
[0;36m[03:11:51][0m   仍在等待 bt_navigator 激活 (105s, 当前状态: inactive)...
[0;36m[03:12:20][0m   仍在等待 bt_navigator 激活 (120s, 当前状态: inactive)...
